
[Wed, 14 May 2014 04:30:35 +0000] #0 C:\wamp\www\cms\model\entradamodel.php(144): PDOStatement->execute(Array)
#1 C:\wamp\www\cms\controller\admin\entradacontroller.php(50): EntradaModel->Actualizar(Object(stdClass))
#2 C:\wamp\www\cms\core\frontcontroller.php(73): EntradaController->Guardar()
#3 C:\wamp\www\cms\index.php(21): FrontController->__CONSTRUCT()
#4 {main}
SQLSTATE[42000]: Syntax error or access violation: 1064 You have an error in your SQL syntax; check the manual that corresponds to your MySQL server version for the right syntax to use near 'WHERE id = '2'' at line 7
[Wed, 14 May 2014 04:39:49 +0000] #0 C:\wamp\www\cms\model\entradamodel.php(143): PDOStatement->execute(Array)
#1 C:\wamp\www\cms\controller\admin\entradacontroller.php(50): EntradaModel->Actualizar(Object(stdClass), Array)
#2 C:\wamp\www\cms\core\frontcontroller.php(73): EntradaController->Guardar()
#3 C:\wamp\www\cms\index.php(21): FrontController->__CONSTRUCT()
#4 {main}
SQLSTATE[HY093]: Invalid parameter number: number of bound variables does not match number of tokens
[Wed, 14 May 2014 04:39:59 +0000] #0 C:\wamp\www\cms\model\entradamodel.php(143): PDOStatement->execute(Array)
#1 C:\wamp\www\cms\controller\admin\entradacontroller.php(50): EntradaModel->Actualizar(Object(stdClass), Array)
#2 C:\wamp\www\cms\core\frontcontroller.php(73): EntradaController->Guardar()
#3 C:\wamp\www\cms\index.php(21): FrontController->__CONSTRUCT()
#4 {main}
SQLSTATE[HY093]: Invalid parameter number: number of bound variables does not match number of tokens
[Wed, 14 May 2014 04:40:18 +0000] #0 C:\wamp\www\cms\model\entradamodel.php(143): PDOStatement->execute(Array)
#1 C:\wamp\www\cms\controller\admin\entradacontroller.php(50): EntradaModel->Actualizar(Object(stdClass), Array)
#2 C:\wamp\www\cms\core\frontcontroller.php(73): EntradaController->Guardar()
#3 C:\wamp\www\cms\index.php(21): FrontController->__CONSTRUCT()
#4 {main}
SQLSTATE[HY093]: Invalid parameter number: number of bound variables does not match number of tokens
[Wed, 14 May 2014 04:40:32 +0000] #0 C:\wamp\www\cms\model\entradamodel.php(143): PDOStatement->execute(Array)
#1 C:\wamp\www\cms\controller\admin\entradacontroller.php(50): EntradaModel->Actualizar(Object(stdClass), Array)
#2 C:\wamp\www\cms\core\frontcontroller.php(73): EntradaController->Guardar()
#3 C:\wamp\www\cms\index.php(21): FrontController->__CONSTRUCT()
#4 {main}
SQLSTATE[HY093]: Invalid parameter number: number of bound variables does not match number of tokens
[Wed, 14 May 2014 04:41:17 +0000] #0 C:\wamp\www\cms\model\entradamodel.php(142): PDOStatement->execute(Array)
#1 C:\wamp\www\cms\controller\admin\entradacontroller.php(50): EntradaModel->Actualizar(Object(stdClass), NULL)
#2 C:\wamp\www\cms\core\frontcontroller.php(73): EntradaController->Guardar()
#3 C:\wamp\www\cms\index.php(21): FrontController->__CONSTRUCT()
#4 {main}
SQLSTATE[42000]: Syntax error or access violation: 1064 You have an error in your SQL syntax; check the manual that corresponds to your MySQL server version for the right syntax to use near 'WHERE id = '2'' at line 7
[Wed, 14 May 2014 04:43:15 +0000] #0 C:\wamp\www\cms\model\entradamodel.php(142): PDOStatement->execute(Array)
#1 C:\wamp\www\cms\controller\admin\entradacontroller.php(50): EntradaModel->Actualizar(Object(stdClass), NULL)
#2 C:\wamp\www\cms\core\frontcontroller.php(73): EntradaController->Guardar()
#3 C:\wamp\www\cms\index.php(21): FrontController->__CONSTRUCT()
#4 {main}
SQLSTATE[42000]: Syntax error or access violation: 1064 You have an error in your SQL syntax; check the manual that corresponds to your MySQL server version for the right syntax to use near 'WHERE id = '4'' at line 7
[Wed, 14 May 2014 04:43:33 +0000] #0 C:\wamp\www\cms\model\entradamodel.php(142): PDOStatement->execute(Array)
#1 C:\wamp\www\cms\controller\admin\entradacontroller.php(50): EntradaModel->Actualizar(Object(stdClass), NULL)
#2 C:\wamp\www\cms\core\frontcontroller.php(73): EntradaController->Guardar()
#3 C:\wamp\www\cms\index.php(21): FrontController->__CONSTRUCT()
#4 {main}
SQLSTATE[42000]: Syntax error or access violation: 1064 You have an error in your SQL syntax; check the manual that corresponds to your MySQL server version for the right syntax to use near 'WHERE id = '4'' at line 7
[Wed, 14 May 2014 04:43:40 +0000] #0 C:\wamp\www\cms\model\entradamodel.php(142): PDOStatement->execute(Array)
#1 C:\wamp\www\cms\controller\admin\entradacontroller.php(50): EntradaModel->Actualizar(Object(stdClass), NULL)
#2 C:\wamp\www\cms\core\frontcontroller.php(73): EntradaController->Guardar()
#3 C:\wamp\www\cms\index.php(21): FrontController->__CONSTRUCT()
#4 {main}
SQLSTATE[42000]: Syntax error or access violation: 1064 You have an error in your SQL syntax; check the manual that corresponds to your MySQL server version for the right syntax to use near 'WHERE id = '4'' at line 7
[Wed, 14 May 2014 04:44:14 +0000] #0 C:\wamp\www\cms\model\entradamodel.php(141): PDOStatement->execute(Array)
#1 C:\wamp\www\cms\controller\admin\entradacontroller.php(50): EntradaModel->Actualizar(Object(stdClass), NULL)
#2 C:\wamp\www\cms\core\frontcontroller.php(73): EntradaController->Guardar()
#3 C:\wamp\www\cms\index.php(21): FrontController->__CONSTRUCT()
#4 {main}
SQLSTATE[42000]: Syntax error or access violation: 1064 You have an error in your SQL syntax; check the manual that corresponds to your MySQL server version for the right syntax to use near 'WHERE id = '4'' at line 6
[Wed, 14 May 2014 04:44:57 +0000] #0 C:\wamp\www\cms\model\entradamodel.php(141): PDOStatement->execute(Array)
#1 C:\wamp\www\cms\controller\admin\entradacontroller.php(50): EntradaModel->Actualizar(Object(stdClass), NULL)
#2 C:\wamp\www\cms\core\frontcontroller.php(73): EntradaController->Guardar()
#3 C:\wamp\www\cms\index.php(21): FrontController->__CONSTRUCT()
#4 {main}
SQLSTATE[42000]: Syntax error or access violation: 1064 You have an error in your SQL syntax; check the manual that corresponds to your MySQL server version for the right syntax to use near 'WHERE id = '4'' at line 6
[Wed, 14 May 2014 04:46:02 +0000] #0 C:\wamp\www\cms\model\entradamodel.php(142): PDOStatement->execute(Array)
#1 C:\wamp\www\cms\controller\admin\entradacontroller.php(50): EntradaModel->Actualizar(Object(stdClass), NULL)
#2 C:\wamp\www\cms\core\frontcontroller.php(73): EntradaController->Guardar()
#3 C:\wamp\www\cms\index.php(21): FrontController->__CONSTRUCT()
#4 {main}
SQLSTATE[42000]: Syntax error or access violation: 1064 You have an error in your SQL syntax; check the manual that corresponds to your MySQL server version for the right syntax to use near 'WHERE id = '4'' at line 6
[Wed, 14 May 2014 04:46:14 +0000] #0 C:\wamp\www\cms\model\entradamodel.php(144): PDOStatement->execute(Array)
#1 C:\wamp\www\cms\controller\admin\entradacontroller.php(50): EntradaModel->Actualizar(Object(stdClass), NULL)
#2 C:\wamp\www\cms\core\frontcontroller.php(73): EntradaController->Guardar()
#3 C:\wamp\www\cms\index.php(21): FrontController->__CONSTRUCT()
#4 {main}
SQLSTATE[42000]: Syntax error or access violation: 1064 You have an error in your SQL syntax; check the manual that corresponds to your MySQL server version for the right syntax to use near 'WHERE id = '4'' at line 6